f:\wechat\qtguiapplication1\qtguiapplication1\debug\qtguiclassmessage.obj
f:\wechat\qtguiapplication1\qtguiapplication1\debug\qtguiapplication1.obj
f:\wechat\qtguiapplication1\qtguiapplication1\debug\qtwidgetclass.obj
f:\wechat\qtguiapplication1\qtguiapplication1\debug\qtguiclass.obj
f:\wechat\qtguiapplication1\qtguiapplication1\debug\qtguiclassmm.obj
f:\wechat\qtguiapplication1\qtguiapplication1\debug\main.obj
f:\wechat\qtguiapplication1\qtguiapplication1\debug\vc142.pdb
f:\wechat\qtguiapplication1\qtguiapplication1\debug\moc_qtguiclassmessage.obj
f:\wechat\qtguiapplication1\qtguiapplication1\debug\moc_qtguiclassmm.obj
f:\wechat\qtguiapplication1\qtguiapplication1\debug\qrc_qtguiapplication1.obj
f:\wechat\qtguiapplication1\qtguiapplication1\debug\moc_qtwidgetclass.obj
f:\wechat\qtguiapplication1\qtguiapplication1\debug\moc_qtguiapplication1.obj
f:\wechat\qtguiapplication1\qtguiapplication1\debug\\moc\moc_qtguiapplication1.cpp
f:\wechat\qtguiapplication1\qtguiapplication1\debug\\moc\moc_qtguiclass.cpp
f:\wechat\qtguiapplication1\qtguiapplication1\debug\\moc\moc_qtguiclassmessage.cpp
f:\wechat\qtguiapplication1\qtguiapplication1\debug\\moc\moc_qtguiclassmm.cpp
f:\wechat\qtguiapplication1\qtguiapplication1\debug\\moc\moc_qtwidgetclass.cpp
f:\wechat\qtguiapplication1\qtguiapplication1\debug\uic\ui_mainwindow.h
f:\wechat\qtguiapplication1\qtguiapplication1\debug\uic\ui_mainwindow1.h
f:\wechat\qtguiapplication1\qtguiapplication1\debug\uic\ui_qtguiapplication1.h
f:\wechat\qtguiapplication1\qtguiapplication1\debug\uic\ui_qtguiclass.h
f:\wechat\qtguiapplication1\qtguiapplication1\debug\uic\ui_qtguiclassmessage.h
f:\wechat\qtguiapplication1\qtguiapplication1\debug\uic\ui_qtguiclassmm.h
f:\wechat\qtguiapplication1\qtguiapplication1\debug\rcc\qrc_qtguiapplication1.cpp
f:\wechat\qtguiapplication1\qtguiapplication1\debug\moc\moc_qtguiapplication1.cpp
f:\wechat\qtguiapplication1\qtguiapplication1\debug\moc\moc_qtguiclass.cpp
f:\wechat\qtguiapplication1\qtguiapplication1\debug\moc\moc_qtguiclassmessage.cpp
f:\wechat\qtguiapplication1\qtguiapplication1\debug\moc\moc_qtguiclassmm.cpp
f:\wechat\qtguiapplication1\qtguiapplication1\debug\moc\moc_qtwidgetclass.cpp
f:\wechat\qtguiapplication1\qtguiapplication1\debug\\rcc\qrc_qtguiapplication1.cpp
f:\wechat\qtguiapplication1\qtguiapplication1\debug\\uic\ui_mainwindow.h
f:\wechat\qtguiapplication1\qtguiapplication1\debug\\uic\ui_mainwindow1.h
f:\wechat\qtguiapplication1\qtguiapplication1\debug\\uic\ui_qtguiapplication1.h
f:\wechat\qtguiapplication1\qtguiapplication1\debug\\uic\ui_qtguiclass.h
f:\wechat\qtguiapplication1\qtguiapplication1\debug\\uic\ui_qtguiclassmessage.h
f:\wechat\qtguiapplication1\qtguiapplication1\debug\\uic\ui_qtguiclassmm.h
f:\wechat\qtguiapplication1\qtguiapplication1\debug\nativecodeanalysis.read.1.tlog
f:\wechat\qtguiapplication1\qtguiapplication1\debug\main.nativecodeanalysis.xml
f:\wechat\qtguiapplication1\qtguiapplication1\debug\qtguiclass.nativecodeanalysis.xml
f:\wechat\qtguiapplication1\qtguiapplication1\debug\vc.nativecodeanalysis.all.xml
f:\wechat\qtguiapplication1\qtguiapplication1\debug\qtguiapp.59d6468b.tlog\cl.command.1.tlog
f:\wechat\qtguiapplication1\qtguiapplication1\debug\qtguiapp.59d6468b.tlog\cl.read.1.tlog
f:\wechat\qtguiapplication1\qtguiapplication1\debug\qtguiapp.59d6468b.tlog\cl.write.1.tlog
f:\wechat\qtguiapplication1\qtguiapplication1\debug\qtguiapp.59d6468b.tlog\moc.read.1u.tlog
f:\wechat\qtguiapplication1\qtguiapplication1\debug\qtguiapp.59d6468b.tlog\moc.write.1u.tlog
f:\wechat\qtguiapplication1\qtguiapplication1\debug\qtguiapp.59d6468b.tlog\qtguiapplication1.write.1u.tlog
f:\wechat\qtguiapplication1\qtguiapplication1\debug\qtguiapp.59d6468b.tlog\rcc.read.1u.tlog
f:\wechat\qtguiapplication1\qtguiapplication1\debug\qtguiapp.59d6468b.tlog\rcc.write.1u.tlog
f:\wechat\qtguiapplication1\qtguiapplication1\debug\qtguiapp.59d6468b.tlog\uic.read.1u.tlog
f:\wechat\qtguiapplication1\qtguiapplication1\debug\qtguiapp.59d6468b.tlog\uic.write.1u.tlog
